<?xml version="1.0" encoding="UTF-8"?>
<!-- Generated by org.testng.reporters.JUnitXMLReporter -->
<testsuite ignored="0" hostname="LAPTOP-07AOPQM7" failures="1" tests="1" name="All Test(failed)" time="8.778" errors="0" timestamp="2025-04-19T00:48:57 PDT">
  <testcase classname="com.qa.testcases.MyAccountPageTest" name="myAccountsPageTitleTest" time="2.042">
    <failure type="java.lang.AssertionError" message="My Accounts Page Title Mismatch expected [My Account] but found [Account Login]">
      <![CDATA[java.lang.AssertionError: My Accounts Page Title Mismatch expected [My Account] but found [Account Login]
at com.qa.testcases.MyAccountPageTest.myAccountsPageTitleTest(MyAccountPageTest.java:39)
at java.base/java.util.ArrayList.forEach(ArrayList.java:1511)
... Removed 32 stack frames]]>
    </failure>
  </testcase> <!-- myAccountsPageTitleTest -->
</testsuite> <!-- All Test(failed) -->
