<?xml version="1.0" encoding="UTF-8"?>
<!-- Generated by org.testng.reporters.JUnitXMLReporter -->
<testsuite ignored="0" hostname="LAPTOP-07AOPQM7" failures="0" tests="5" name="All Test" time="52.931" errors="0" timestamp="2025-04-19T00:53:19 PDT">
  <testcase classname="com.qa.testcases.HomePageTest" name="homePageTitleTest" time="0.056"/>
  <testcase classname="com.qa.testcases.AccountLoginPageTest" name="loginTest" time="10.825"/>
  <testcase classname="com.qa.testcases.AccountLoginPageTest" name="loginTest" time="1.816"/>
  <testcase classname="com.qa.testcases.AccountLoginPageTest" name="loginTest" time="10.517"/>
  <testcase classname="com.qa.testcases.MyAccountPageTest" name="myAccountsPageTitleTest" time="2.025"/>
</testsuite> <!-- All Test -->
