<?xml version="1.0" encoding="UTF-8"?>
<!-- Generated by org.testng.reporters.JUnitXMLReporter -->
<testsuite ignored="0" hostname="LAPTOP-07AOPQM7" failures="0" tests="6" name="Chrome Test" time="41.419" errors="0" timestamp="2025-04-28T11:33:57 PDT">
  <testcase classname="com.qa.testcases.TC01_HomePageTest" name="homePageTitleTest" time="0.055"/>
  <testcase classname="com.qa.testcases.TC02_LoginPageTest" name="loginPageTitleTest" time="2.973"/>
  <testcase classname="com.qa.testcases.TC02_LoginPageTest" name="loginTest" time="4.37"/>
  <testcase classname="com.qa.testcases.TC02_LoginPageTest" name="loginTest" time="4.059"/>
  <testcase classname="com.qa.testcases.TC02_LoginPageTest" name="loginTest" time="3.604"/>
  <testcase classname="com.qa.testcases.TC03_MyAccountPageTest" name="myAccountsPageTitleTest" time="3.751"/>
</testsuite> <!-- Chrome Test -->
