<?xml version="1.0" encoding="UTF-8"?>
<!-- Generated by org.testng.reporters.JUnitXMLReporter -->
<testsuite ignored="0" hostname="LAPTOP-07AOPQM7" failures="0" tests="6" name="FireFox Test" time="57.65" errors="0" timestamp="2025-04-27T00:08:10 PDT">
  <testcase classname="com.qa.testcases.TC01_HomePageTest" name="homePageTitleTest" time="0.016"/>
  <testcase classname="com.qa.testcases.TC02_LoginPageTest" name="loginPageTitleTest" time="2.749"/>
  <testcase classname="com.qa.testcases.TC02_LoginPageTest" name="loginTest" time="2.908"/>
  <testcase classname="com.qa.testcases.TC02_LoginPageTest" name="loginTest" time="2.897"/>
  <testcase classname="com.qa.testcases.TC02_LoginPageTest" name="loginTest" time="3.055"/>
  <testcase classname="com.qa.testcases.TC03_MyAccountPageTest" name="myAccountsPageTitleTest" time="2.882"/>
</testsuite> <!-- FireFox Test -->
