<?xml version="1.0" encoding="UTF-8"?>
<!-- Generated by org.testng.reporters.JUnitXMLReporter -->
<testsuite ignored="0" hostname="LAPTOP-07AOPQM7" failures="0" tests="3" name="Default test" time="42.147" errors="0" timestamp="2025-04-18T12:46:59 PDT">
  <testcase classname="com.qa.testcases.AccountLoginPageTest" name="loginTest" time="10.667"/>
  <testcase classname="com.qa.testcases.AccountLoginPageTest" name="loginTest" time="2.122"/>
  <testcase classname="com.qa.testcases.AccountLoginPageTest" name="loginTest" time="10.693"/>
</testsuite> <!-- Default test -->
