<?xml version="1.0" encoding="UTF-8"?>
<testng-results ignored="0" total="3" passed="3" failed="0" skipped="0">
  <reporter-output>
  </reporter-output>
  <suite started-at="2025-04-18T12:46:17 PDT" name="Default suite" finished-at="2025-04-18T12:46:59 PDT" duration-ms="42147">
    <groups>
    </groups>
    <test started-at="2025-04-18T12:46:17 PDT" name="Default test" finished-at="2025-04-18T12:46:59 PDT" duration-ms="42147">
      <class name="com.qa.testcases.AccountLoginPageTest">
        <test-method is-config="true" signature="setUp()[pri:0, instance:com.qa.testcases.AccountLoginPageTest@6e6f2380]" started-at="2025-04-18T12:46:18 PDT" name="setUp" finished-at="2025-04-18T12:46:24 PDT" duration-ms="5902" status="PASS">
          <reporter-output>
          </reporter-output>
        </test-method> <!-- setUp -->
        <test-method signature="loginTest(java.lang.String,java.lang.String,java.lang.String)[pri:2, instance:com.qa.testcases.AccountLoginPageTest@6e6f2380]" started-at="2025-04-18T12:46:24 PDT" name="loginTest" data-provider="getLoginTestData" finished-at="2025-04-18T12:46:35 PDT" duration-ms="10667" status="PASS">
          <params>
            <param index="0">
              <value>
                <![CDATA[abc897@yahoo.com]]>
              </value>
            </param>
            <param index="1">
              <value>
                <![CDATA[xyz345]]>
              </value>
            </param>
            <param index="2">
              <value>
                <![CDATA[Invalid]]>
              </value>
            </param>
          </params>
          <reporter-output>
          </reporter-output>
        </test-method> <!-- loginTest -->
        <test-method is-config="true" signature="tearDown()[pri:0, instance:com.qa.testcases.AccountLoginPageTest@6e6f2380]" started-at="2025-04-18T12:46:35 PDT" name="tearDown" finished-at="2025-04-18T12:46:36 PDT" duration-ms="886" status="PASS">
          <reporter-output>
          </reporter-output>
        </test-method> <!-- tearDown -->
        <test-method is-config="true" signature="setUp()[pri:0, instance:com.qa.testcases.AccountLoginPageTest@6e6f2380]" started-at="2025-04-18T12:46:36 PDT" name="setUp" finished-at="2025-04-18T12:46:40 PDT" duration-ms="4006" status="PASS">
          <reporter-output>
          </reporter-output>
        </test-method> <!-- setUp -->
        <test-method signature="loginTest(java.lang.String,java.lang.String,java.lang.String)[pri:2, instance:com.qa.testcases.AccountLoginPageTest@6e6f2380]" started-at="2025-04-18T12:46:40 PDT" name="loginTest" data-provider="getLoginTestData" finished-at="2025-04-18T12:46:42 PDT" duration-ms="2122" status="PASS">
          <params>
            <param index="0">
              <value>
                <![CDATA[lucky@gmail.com]]>
              </value>
            </param>
            <param index="1">
              <value>
                <![CDATA[lucky@123]]>
              </value>
            </param>
            <param index="2">
              <value>
                <![CDATA[Valid]]>
              </value>
            </param>
          </params>
          <reporter-output>
          </reporter-output>
        </test-method> <!-- loginTest -->
        <test-method is-config="true" signature="tearDown()[pri:0, instance:com.qa.testcases.AccountLoginPageTest@6e6f2380]" started-at="2025-04-18T12:46:42 PDT" name="tearDown" finished-at="2025-04-18T12:46:43 PDT" duration-ms="1325" status="PASS">
          <reporter-output>
          </reporter-output>
        </test-method> <!-- tearDown -->
        <test-method is-config="true" signature="setUp()[pri:0, instance:com.qa.testcases.AccountLoginPageTest@6e6f2380]" started-at="2025-04-18T12:46:43 PDT" name="setUp" finished-at="2025-04-18T12:46:47 PDT" duration-ms="4363" status="PASS">
          <reporter-output>
          </reporter-output>
        </test-method> <!-- setUp -->
        <test-method signature="loginTest(java.lang.String,java.lang.String,java.lang.String)[pri:2, instance:com.qa.testcases.AccountLoginPageTest@6e6f2380]" started-at="2025-04-18T12:46:47 PDT" name="loginTest" data-provider="getLoginTestData" finished-at="2025-04-18T12:46:58 PDT" duration-ms="10693" status="PASS">
          <params>
            <param index="0">
              <value>
                <![CDATA[1234.0]]>
              </value>
            </param>
            <param index="1">
              <value>
                <![CDATA[test@123]]>
              </value>
            </param>
            <param index="2">
              <value>
                <![CDATA[Invalid]]>
              </value>
            </param>
          </params>
          <reporter-output>
          </reporter-output>
        </test-method> <!-- loginTest -->
        <test-method is-config="true" signature="tearDown()[pri:0, instance:com.qa.testcases.AccountLoginPageTest@6e6f2380]" started-at="2025-04-18T12:46:58 PDT" name="tearDown" finished-at="2025-04-18T12:46:59 PDT" duration-ms="1259" status="PASS">
          <reporter-output>
          </reporter-output>
        </test-method> <!-- tearDown -->
      </class> <!-- com.qa.testcases.AccountLoginPageTest -->
    </test> <!-- Default test -->
  </suite> <!-- Default suite -->
</testng-results>
