<?xml version="1.0" encoding="UTF-8"?>
<testng-results ignored="0" total="6" passed="6" failed="0" skipped="0">
  <reporter-output>
  </reporter-output>
  <suite started-at="2025-04-28T11:33:15 PDT" name="opencart Test Suite" finished-at="2025-04-28T11:33:56 PDT" duration-ms="41419">
    <groups>
    </groups>
    <test started-at="2025-04-28T11:33:15 PDT" name="Chrome Test" finished-at="2025-04-28T11:33:56 PDT" duration-ms="41419">
      <class name="com.qa.testcases.TC01_HomePageTest">
        <test-method is-config="true" signature="setUp(java.lang.String,java.lang.String)[pri:0, instance:com.qa.testcases.TC01_HomePageTest@5d2a4eed]" started-at="2025-04-28T11:33:15 PDT" name="setUp" finished-at="2025-04-28T11:33:19 PDT" duration-ms="3980" status="PASS">
          <params>
            <param index="0">
              <value>
                <![CDATA[chrome]]>
              </value>
            </param>
            <param index="1">
              <value>
                <![CDATA[135.0]]>
              </value>
            </param>
          </params>
          <reporter-output>
          </reporter-output>
        </test-method> <!-- setUp -->
        <test-method signature="homePageTitleTest()[pri:0, instance:com.qa.testcases.TC01_HomePageTest@5d2a4eed]" started-at="2025-04-28T11:33:19 PDT" name="homePageTitleTest" finished-at="2025-04-28T11:33:19 PDT" duration-ms="55" status="PASS">
          <reporter-output>
          </reporter-output>
        </test-method> <!-- homePageTitleTest -->
        <test-method is-config="true" signature="tearDown()[pri:0, instance:com.qa.testcases.TC01_HomePageTest@5d2a4eed]" started-at="2025-04-28T11:33:19 PDT" name="tearDown" finished-at="2025-04-28T11:33:21 PDT" duration-ms="1321" status="PASS">
          <reporter-output>
          </reporter-output>
        </test-method> <!-- tearDown -->
      </class> <!-- com.qa.testcases.TC01_HomePageTest -->
      <class name="com.qa.testcases.TC03_MyAccountPageTest">
        <test-method is-config="true" signature="setUp(java.lang.String,java.lang.String)[pri:0, instance:com.qa.testcases.TC03_MyAccountPageTest@7756c3cd]" started-at="2025-04-28T11:33:50 PDT" name="setUp" finished-at="2025-04-28T11:33:52 PDT" duration-ms="2249" status="PASS">
          <params>
            <param index="0">
              <value>
                <![CDATA[chrome]]>
              </value>
            </param>
            <param index="1">
              <value>
                <![CDATA[135.0]]>
              </value>
            </param>
          </params>
          <reporter-output>
          </reporter-output>
        </test-method> <!-- setUp -->
        <test-method signature="myAccountsPageTitleTest()[pri:0, instance:com.qa.testcases.TC03_MyAccountPageTest@7756c3cd]" started-at="2025-04-28T11:33:52 PDT" name="myAccountsPageTitleTest" finished-at="2025-04-28T11:33:56 PDT" duration-ms="3751" status="PASS">
          <reporter-output>
          </reporter-output>
        </test-method> <!-- myAccountsPageTitleTest -->
        <test-method is-config="true" signature="tearDown()[pri:0, instance:com.qa.testcases.TC03_MyAccountPageTest@7756c3cd]" started-at="2025-04-28T11:33:56 PDT" name="tearDown" finished-at="2025-04-28T11:33:56 PDT" duration-ms="771" status="PASS">
          <reporter-output>
          </reporter-output>
        </test-method> <!-- tearDown -->
      </class> <!-- com.qa.testcases.TC03_MyAccountPageTest -->
      <class name="com.qa.testcases.TC02_LoginPageTest">
        <test-method is-config="true" signature="setUp(java.lang.String,java.lang.String)[pri:0, instance:com.qa.testcases.TC02_LoginPageTest@75390459]" started-at="2025-04-28T11:33:21 PDT" name="setUp" finished-at="2025-04-28T11:33:23 PDT" duration-ms="2303" status="PASS">
          <params>
            <param index="0">
              <value>
                <![CDATA[chrome]]>
              </value>
            </param>
            <param index="1">
              <value>
                <![CDATA[135.0]]>
              </value>
            </param>
          </params>
          <reporter-output>
          </reporter-output>
        </test-method> <!-- setUp -->
        <test-method signature="loginPageTitleTest()[pri:1, instance:com.qa.testcases.TC02_LoginPageTest@75390459]" started-at="2025-04-28T11:33:23 PDT" name="loginPageTitleTest" finished-at="2025-04-28T11:33:26 PDT" duration-ms="2973" status="PASS">
          <reporter-output>
          </reporter-output>
        </test-method> <!-- loginPageTitleTest -->
        <test-method is-config="true" signature="tearDown()[pri:0, instance:com.qa.testcases.TC02_LoginPageTest@75390459]" started-at="2025-04-28T11:33:26 PDT" name="tearDown" finished-at="2025-04-28T11:33:27 PDT" duration-ms="906" status="PASS">
          <reporter-output>
          </reporter-output>
        </test-method> <!-- tearDown -->
        <test-method is-config="true" signature="setUp(java.lang.String,java.lang.String)[pri:0, instance:com.qa.testcases.TC02_LoginPageTest@75390459]" started-at="2025-04-28T11:33:27 PDT" name="setUp" finished-at="2025-04-28T11:33:30 PDT" duration-ms="2777" status="PASS">
          <params>
            <param index="0">
              <value>
                <![CDATA[chrome]]>
              </value>
            </param>
            <param index="1">
              <value>
                <![CDATA[135.0]]>
              </value>
            </param>
          </params>
          <reporter-output>
          </reporter-output>
        </test-method> <!-- setUp -->
        <test-method signature="loginTest(java.lang.String,java.lang.String,java.lang.String)[pri:2, instance:com.qa.testcases.TC02_LoginPageTest@75390459]" started-at="2025-04-28T11:33:30 PDT" name="loginTest" data-provider="getLoginTestData" finished-at="2025-04-28T11:33:35 PDT" duration-ms="4370" status="PASS">
          <params>
            <param index="0">
              <value>
                <![CDATA[abc897@yahoo.com]]>
              </value>
            </param>
            <param index="1">
              <value>
                <![CDATA[xyz345]]>
              </value>
            </param>
            <param index="2">
              <value>
                <![CDATA[Invalid]]>
              </value>
            </param>
          </params>
          <reporter-output>
          </reporter-output>
        </test-method> <!-- loginTest -->
        <test-method is-config="true" signature="tearDown()[pri:0, instance:com.qa.testcases.TC02_LoginPageTest@75390459]" started-at="2025-04-28T11:33:35 PDT" name="tearDown" finished-at="2025-04-28T11:33:36 PDT" duration-ms="953" status="PASS">
          <reporter-output>
          </reporter-output>
        </test-method> <!-- tearDown -->
        <test-method is-config="true" signature="setUp(java.lang.String,java.lang.String)[pri:0, instance:com.qa.testcases.TC02_LoginPageTest@75390459]" started-at="2025-04-28T11:33:36 PDT" name="setUp" finished-at="2025-04-28T11:33:38 PDT" duration-ms="2652" status="PASS">
          <params>
            <param index="0">
              <value>
                <![CDATA[chrome]]>
              </value>
            </param>
            <param index="1">
              <value>
                <![CDATA[135.0]]>
              </value>
            </param>
          </params>
          <reporter-output>
          </reporter-output>
        </test-method> <!-- setUp -->
        <test-method signature="loginTest(java.lang.String,java.lang.String,java.lang.String)[pri:2, instance:com.qa.testcases.TC02_LoginPageTest@75390459]" started-at="2025-04-28T11:33:38 PDT" name="loginTest" data-provider="getLoginTestData" finished-at="2025-04-28T11:33:42 PDT" duration-ms="4059" status="PASS">
          <params>
            <param index="0">
              <value>
                <![CDATA[lucky@gmail.com]]>
              </value>
            </param>
            <param index="1">
              <value>
                <![CDATA[lucky@123]]>
              </value>
            </param>
            <param index="2">
              <value>
                <![CDATA[Valid]]>
              </value>
            </param>
          </params>
          <reporter-output>
          </reporter-output>
        </test-method> <!-- loginTest -->
        <test-method is-config="true" signature="tearDown()[pri:0, instance:com.qa.testcases.TC02_LoginPageTest@75390459]" started-at="2025-04-28T11:33:42 PDT" name="tearDown" finished-at="2025-04-28T11:33:43 PDT" duration-ms="807" status="PASS">
          <reporter-output>
          </reporter-output>
        </test-method> <!-- tearDown -->
        <test-method is-config="true" signature="setUp(java.lang.String,java.lang.String)[pri:0, instance:com.qa.testcases.TC02_LoginPageTest@75390459]" started-at="2025-04-28T11:33:43 PDT" name="setUp" finished-at="2025-04-28T11:33:45 PDT" duration-ms="2264" status="PASS">
          <params>
            <param index="0">
              <value>
                <![CDATA[chrome]]>
              </value>
            </param>
            <param index="1">
              <value>
                <![CDATA[135.0]]>
              </value>
            </param>
          </params>
          <reporter-output>
          </reporter-output>
        </test-method> <!-- setUp -->
        <test-method signature="loginTest(java.lang.String,java.lang.String,java.lang.String)[pri:2, instance:com.qa.testcases.TC02_LoginPageTest@75390459]" started-at="2025-04-28T11:33:45 PDT" name="loginTest" data-provider="getLoginTestData" finished-at="2025-04-28T11:33:49 PDT" duration-ms="3604" status="PASS">
          <params>
            <param index="0">
              <value>
                <![CDATA[1234.0]]>
              </value>
            </param>
            <param index="1">
              <value>
                <![CDATA[test@123]]>
              </value>
            </param>
            <param index="2">
              <value>
                <![CDATA[Invalid]]>
              </value>
            </param>
          </params>
          <reporter-output>
          </reporter-output>
        </test-method> <!-- loginTest -->
        <test-method is-config="true" signature="tearDown()[pri:0, instance:com.qa.testcases.TC02_LoginPageTest@75390459]" started-at="2025-04-28T11:33:49 PDT" name="tearDown" finished-at="2025-04-28T11:33:50 PDT" duration-ms="751" status="PASS">
          <reporter-output>
          </reporter-output>
        </test-method> <!-- tearDown -->
      </class> <!-- com.qa.testcases.TC02_LoginPageTest -->
    </test> <!-- Chrome Test -->
  </suite> <!-- opencart Test Suite -->
</testng-results>
